<?xml version="1.0" encoding="UTF-8"?>
<robot generator="Robot 5.0 (Python 3.8.5 on win32)" generated="20220407 17:27:46.598" rpa="false" schemaversion="3">
<suite id="s1" name="Shopping" source="C:\Users\sukal\PycharmProjects\RoboticFramework\Tests\FlipkartApp\FunctionalTestSuite\Shopping.robot">
<test id="s1-t1" name="Google search" line="10">
<kw name="start testcase">
<kw name="Open Browser" library="SeleniumLibrary">
<arg>${url}</arg>
<arg>chrome</arg>
<doc>Opens a new browser instance to the optional ``url``.</doc>
<msg timestamp="20220407 17:27:47.251" level="INFO">Opening browser 'chrome' to base url 'https://www.google.com/'.</msg>
<status status="PASS" starttime="20220407 17:27:47.251" endtime="20220407 17:27:52.588"/>
</kw>
<kw name="Maximize Browser Window" library="SeleniumLibrary">
<doc>Maximizes current browser window.</doc>
<status status="PASS" starttime="20220407 17:27:52.589" endtime="20220407 17:27:52.912"/>
</kw>
<status status="PASS" starttime="20220407 17:27:47.250" endtime="20220407 17:27:52.912"/>
</kw>
<kw name="search data">
<kw name="Input Text" library="SeleniumLibrary">
<arg>name:q</arg>
<arg>${search_flipkart}</arg>
<doc>Types the given ``text`` into the text field identified by ``locator``.</doc>
<msg timestamp="20220407 17:27:52.915" level="INFO">Typing text 'Flipkart' into text field 'name:q'.</msg>
<status status="PASS" starttime="20220407 17:27:52.914" endtime="20220407 17:27:53.162"/>
</kw>
<status status="PASS" starttime="20220407 17:27:52.913" endtime="20220407 17:27:53.163"/>
</kw>
<kw name="Submit Form" library="SeleniumLibrary">
<doc>Submits a form identified by ``locator``.</doc>
<msg timestamp="20220407 17:27:53.165" level="INFO">Submitting form 'None'.</msg>
<status status="PASS" starttime="20220407 17:27:53.164" endtime="20220407 17:27:56.294"/>
</kw>
<kw name="Click Element" library="SeleniumLibrary">
<arg>class:LC20lb</arg>
<doc>Click the element identified by ``locator``.</doc>
<msg timestamp="20220407 17:27:56.296" level="INFO">Clicking element 'class:LC20lb'.</msg>
<status status="PASS" starttime="20220407 17:27:56.295" endtime="20220407 17:27:59.419"/>
</kw>
<doc>google search test</doc>
<tag>google</tag>
<status status="PASS" starttime="20220407 17:27:47.249" endtime="20220407 17:27:59.420"/>
</test>
<test id="s1-t2" name="Flipkart product search" line="18">
<kw name="Sleep" library="BuiltIn">
<arg>2s</arg>
<doc>Pauses the test executed for the given time.</doc>
<msg timestamp="20220407 17:28:01.428" level="INFO">Slept 2 seconds</msg>
<status status="PASS" starttime="20220407 17:27:59.426" endtime="20220407 17:28:01.428"/>
</kw>
<kw name="Click Button" library="SeleniumLibrary">
<arg>class:_2KpZ6l</arg>
<doc>Clicks the button identified by ``locator``.</doc>
<msg timestamp="20220407 17:28:01.429" level="INFO">Clicking button 'class:_2KpZ6l'.</msg>
<status status="PASS" starttime="20220407 17:28:01.429" endtime="20220407 17:28:01.702"/>
</kw>
<kw name="search product">
<kw name="Input Text" library="SeleniumLibrary">
<arg>name:q</arg>
<arg>${search_product}</arg>
<doc>Types the given ``text`` into the text field identified by ``locator``.</doc>
<msg timestamp="20220407 17:28:01.719" level="INFO">Typing text 'iphone13' into text field 'name:q'.</msg>
<status status="PASS" starttime="20220407 17:28:01.718" endtime="20220407 17:28:02.039"/>
</kw>
<status status="PASS" starttime="20220407 17:28:01.717" endtime="20220407 17:28:02.040"/>
</kw>
<kw name="Click Button" library="SeleniumLibrary">
<arg>class:L0Z3Pu</arg>
<doc>Clicks the button identified by ``locator``.</doc>
<msg timestamp="20220407 17:28:02.042" level="INFO">Clicking button 'class:L0Z3Pu'.</msg>
<status status="PASS" starttime="20220407 17:28:02.041" endtime="20220407 17:28:02.469"/>
</kw>
<kw name="Sleep" library="BuiltIn">
<arg>2s</arg>
<doc>Pauses the test executed for the given time.</doc>
<msg timestamp="20220407 17:28:04.476" level="INFO">Slept 2 seconds</msg>
<status status="PASS" starttime="20220407 17:28:02.474" endtime="20220407 17:28:04.476"/>
</kw>
<doc>searching products on flipkart</doc>
<tag>flipkart</tag>
<status status="PASS" starttime="20220407 17:27:59.424" endtime="20220407 17:28:04.477"/>
</test>
<test id="s1-t3" name="Flipkart product selection" line="28">
<kw name="Click Element" library="SeleniumLibrary">
<arg>xpath=//html/body/div/div/div[3]/div[1]/div[2]/div[3]/div/div/div/a/div[2]/div[1]/div[1]</arg>
<doc>Click the element identified by ``locator``.</doc>
<msg timestamp="20220407 17:28:04.481" level="INFO">Clicking element 'xpath=//html/body/div/div/div[3]/div[1]/div[2]/div[3]/div/div/div/a/div[2]/div[1]/div[1]'.</msg>
<status status="PASS" starttime="20220407 17:28:04.480" endtime="20220407 17:28:04.737"/>
</kw>
<kw name="Sleep" library="BuiltIn">
<arg>2s</arg>
<doc>Pauses the test executed for the given time.</doc>
<msg timestamp="20220407 17:28:06.753" level="INFO">Slept 2 seconds</msg>
<status status="PASS" starttime="20220407 17:28:04.752" endtime="20220407 17:28:06.753"/>
</kw>
<doc>selecting product</doc>
<tag>flipkart</tag>
<status status="PASS" starttime="20220407 17:28:04.479" endtime="20220407 17:28:06.754"/>
</test>
<test id="s1-t4" name="Flipkart product buy" line="35">
<kw name="Switch Window" library="SeleniumLibrary">
<arg>title:APPLE iPhone 13 ( 128 GB GB Storage, 0 GB RAM ) Online at Best Price On Flipkart.com</arg>
<doc>Switches to browser window matching ``locator``.</doc>
<status status="PASS" starttime="20220407 17:28:06.758" endtime="20220407 17:28:08.732"/>
</kw>
<kw name="Click Button" library="SeleniumLibrary">
<arg>xpath=//html/body/div[1]/div/div[3]/div[1]/div[1]/div[2]/div/ul/li[2]/form/button</arg>
<doc>Clicks the button identified by ``locator``.</doc>
<msg timestamp="20220407 17:28:08.733" level="INFO">Clicking button 'xpath=//html/body/div[1]/div/div[3]/div[1]/div[1]/div[2]/div/ul/li[2]/form/button'.</msg>
<status status="PASS" starttime="20220407 17:28:08.733" endtime="20220407 17:28:08.988"/>
</kw>
<kw name="Sleep" library="BuiltIn">
<arg>5s</arg>
<doc>Pauses the test executed for the given time.</doc>
<msg timestamp="20220407 17:28:13.991" level="INFO">Slept 5 seconds</msg>
<status status="PASS" starttime="20220407 17:28:08.990" endtime="20220407 17:28:13.991"/>
</kw>
<doc>product purchase</doc>
<tag>flipkart</tag>
<status status="PASS" starttime="20220407 17:28:06.756" endtime="20220407 17:28:13.992"/>
</test>
<test id="s1-t5" name="Flipkart user login" line="42">
<kw name="Input Text" library="SeleniumLibrary">
<arg>class:_2IX_2-</arg>
<arg>test@gmail.com</arg>
<doc>Types the given ``text`` into the text field identified by ``locator``.</doc>
<msg timestamp="20220407 17:28:13.996" level="INFO">Typing text 'test@gmail.com' into text field 'class:_2IX_2-'.</msg>
<status status="PASS" starttime="20220407 17:28:13.996" endtime="20220407 17:28:16.079"/>
</kw>
<kw name="Click Button" library="SeleniumLibrary">
<arg>xpath=//html/body/div[1]/div/div[2]/div/div[1]/div[1]/div/div/div/div/div[1]/div/form/div[3]/button</arg>
<doc>Clicks the button identified by ``locator``.</doc>
<msg timestamp="20220407 17:28:16.080" level="INFO">Clicking button 'xpath=//html/body/div[1]/div/div[2]/div/div[1]/div[1]/div/div/div/div/div[1]/div/form/div[3]/button'.</msg>
<status status="PASS" starttime="20220407 17:28:16.080" endtime="20220407 17:28:16.265"/>
</kw>
<kw name="Sleep" library="BuiltIn">
<arg>5s</arg>
<doc>Pauses the test executed for the given time.</doc>
<msg timestamp="20220407 17:28:21.267" level="INFO">Slept 5 seconds</msg>
<status status="PASS" starttime="20220407 17:28:16.266" endtime="20220407 17:28:21.267"/>
</kw>
<kw name="stop testcase">
<kw name="Close Browser" library="SeleniumLibrary">
<doc>Closes the current browser.</doc>
<status status="PASS" starttime="20220407 17:28:21.270" endtime="20220407 17:28:24.140"/>
</kw>
<status status="PASS" starttime="20220407 17:28:21.269" endtime="20220407 17:28:24.140"/>
</kw>
<doc>login</doc>
<tag>flipkart</tag>
<status status="PASS" starttime="20220407 17:28:13.994" endtime="20220407 17:28:24.142"/>
</test>
<status status="PASS" starttime="20220407 17:27:46.604" endtime="20220407 17:28:24.145"/>
</suite>
<statistics>
<total>
<stat pass="5" fail="0" skip="0">All Tests</stat>
</total>
<tag>
<stat pass="4" fail="0" skip="0">flipkart</stat>
<stat pass="1" fail="0" skip="0">google</stat>
</tag>
<suite>
<stat pass="5" fail="0" skip="0" id="s1" name="Shopping">Shopping</stat>
</suite>
</statistics>
<errors>
</errors>
</robot>
